        -:    0:Source:dominion.c
        -:    0:Graph:dominion.gcno
        -:    0:Data:dominion.gcda
        -:    0:Runs:8
        -:    0:Programs:8
        -:    1:#include "dominion.h"
        -:    2:#include "dominion_helpers.h"
        -:    3:#include "rngs.h"
        -:    4:#include <stdio.h>
        -:    5:#include <math.h>
        -:    6:#include <stdlib.h>
        -:    7:
      240:    8:int compare(const void* a, const void* b) {
      240:    9:  if (*(int*)a > *(int*)b)
    #####:   10:    return 1;
      240:   11:  if (*(int*)a < *(int*)b)
       64:   12:    return -1;
      176:   13:  return 0;
        -:   14:}
        -:   15:
    #####:   16:struct gameState* newGame() {
    #####:   17:  struct gameState* g = malloc(sizeof(struct gameState));
    #####:   18:  return g;
        -:   19:}
        -:   20:
    #####:   21:int* kingdomCards(int k1, int k2, int k3, int k4, int k5, int k6, int k7,
        -:   22:		  int k8, int k9, int k10) {
    #####:   23:  int* k = malloc(10 * sizeof(int));
    #####:   24:  k[0] = k1;
    #####:   25:  k[1] = k2;
    #####:   26:  k[2] = k3;
    #####:   27:  k[3] = k4;
    #####:   28:  k[4] = k5;
    #####:   29:  k[5] = k6;
    #####:   30:  k[6] = k7;
    #####:   31:  k[7] = k8;
    #####:   32:  k[8] = k9;
    #####:   33:  k[9] = k10;
    #####:   34:  return k;
        -:   35:}
        -:   36:
        8:   37:int initializeGame(int numPlayers, int kingdomCards[10], int randomSeed,
        -:   38:		   struct gameState *state) {
        -:   39:
        -:   40:  int i;
        -:   41:  int j;
        -:   42:  int it;			
        -:   43:  //set up random number generator
        8:   44:  SelectStream(1);
        8:   45:  PutSeed((long)randomSeed);
        -:   46:  
        -:   47:  //check number of players
        8:   48:  if (numPlayers > MAX_PLAYERS || numPlayers < 2)
        -:   49:    {
    #####:   50:      return -1;
        -:   51:    }
        -:   52:
        -:   53:  //set number of players
        8:   54:  state->numPlayers = numPlayers;
        -:   55:
        -:   56:  //check selected kingdom cards are different
       88:   57:  for (i = 0; i < 10; i++)
        -:   58:    {
      880:   59:      for (j = 0; j < 10; j++)
        -:   60:        {
      800:   61:	  if (j != i && kingdomCards[j] == kingdomCards[i])
        -:   62:	    {
    #####:   63:	      return -1;
        -:   64:	    }
        -:   65:        }
        -:   66:    }
        -:   67:
        -:   68:
        -:   69:  //initialize supply
        -:   70:  ///////////////////////////////
        -:   71:
        -:   72:  //set number of Curse cards
        8:   73:  if (numPlayers == 2)
        -:   74:    {
        8:   75:      state->supplyCount[curse] = 10;
        -:   76:    }
    #####:   77:  else if (numPlayers == 3)
        -:   78:    {
    #####:   79:      state->supplyCount[curse] = 20;
        -:   80:    }
        -:   81:  else
        -:   82:    {
    #####:   83:      state->supplyCount[curse] = 30;
        -:   84:    }
        -:   85:
        -:   86:  //set number of Victory cards
        8:   87:  if (numPlayers == 2)
        -:   88:    {
        8:   89:      state->supplyCount[estate] = 8;
        8:   90:      state->supplyCount[duchy] = 8;
        8:   91:      state->supplyCount[province] = 8;
        -:   92:    }
        -:   93:  else
        -:   94:    {
    #####:   95:      state->supplyCount[estate] = 12;
    #####:   96:      state->supplyCount[duchy] = 12;
    #####:   97:      state->supplyCount[province] = 12;
        -:   98:    }
        -:   99:
        -:  100:  //set number of Treasure cards
        8:  101:  state->supplyCount[copper] = 60 - (7 * numPlayers);
        8:  102:  state->supplyCount[silver] = 40;
        8:  103:  state->supplyCount[gold] = 30;
        -:  104:
        -:  105:  //set number of Kingdom cards
      168:  106:  for (i = adventurer; i <= treasure_map; i++)       	//loop all cards
        -:  107:    {
     1320:  108:      for (j = 0; j < 10; j++)           		//loop chosen cards
        -:  109:	{
     1240:  110:	  if (kingdomCards[j] == i)
        -:  111:	    {
        -:  112:	      //check if card is a 'Victory' Kingdom card
       80:  113:	      if (kingdomCards[j] == great_hall || kingdomCards[j] == gardens)
        -:  114:		{
    #####:  115:		  if (numPlayers == 2){ 
    #####:  116:		    state->supplyCount[i] = 8; 
        -:  117:		  }
    #####:  118:		  else{ state->supplyCount[i] = 12; }
        -:  119:		}
        -:  120:	      else
        -:  121:		{
       80:  122:		  state->supplyCount[i] = 10;
        -:  123:		}
       80:  124:	      break;
        -:  125:	    }
        -:  126:	  else    //card is not in the set choosen for the game
        -:  127:	    {
     1160:  128:	      state->supplyCount[i] = -1;
        -:  129:	    }
        -:  130:	}
        -:  131:
        -:  132:    }
        -:  133:
        -:  134:  ////////////////////////
        -:  135:  //supply intilization complete
        -:  136:
        -:  137:  //set player decks
       24:  138:  for (i = 0; i < numPlayers; i++)
        -:  139:    {
       16:  140:      state->deckCount[i] = 0;
       64:  141:      for (j = 0; j < 3; j++)
        -:  142:	{
       48:  143:	  state->deck[i][j] = estate;
       48:  144:	  state->deckCount[i]++;
        -:  145:	}
      128:  146:      for (j = 3; j < 10; j++)
        -:  147:	{
      112:  148:	  state->deck[i][j] = copper;
      112:  149:	  state->deckCount[i]++;		
        -:  150:	}
        -:  151:    }
        -:  152:
        -:  153:  //shuffle player decks
       24:  154:  for (i = 0; i < numPlayers; i++)
        -:  155:    {
       16:  156:      if ( shuffle(i, state) < 0 )
        -:  157:	{
    #####:  158:	  return -1;
        -:  159:	}
        -:  160:    }
        -:  161:
        -:  162:  //draw player hands
       24:  163:  for (i = 0; i < numPlayers; i++)
        -:  164:    {  
        -:  165:      //initialize hand size to zero
       16:  166:      state->handCount[i] = 0;
       16:  167:      state->discardCount[i] = 0;
        -:  168:      //draw 5 cards
        -:  169:      // for (j = 0; j < 5; j++)
        -:  170:      //	{
        -:  171:      //	  drawCard(i, state);
        -:  172:      //	}
        -:  173:    }
        -:  174:  
        -:  175:  //set embargo tokens to 0 for all supply piles
      224:  176:  for (i = 0; i <= treasure_map; i++)
        -:  177:    {
      216:  178:      state->embargoTokens[i] = 0;
        -:  179:    }
        -:  180:
        -:  181:  //initialize first player's turn
        8:  182:  state->outpostPlayed = 0;
        8:  183:  state->phase = 0;
        8:  184:  state->numActions = 1;
        8:  185:  state->numBuys = 1;
        8:  186:  state->playedCardCount = 0;
        8:  187:  state->whoseTurn = 0;
        8:  188:  state->handCount[state->whoseTurn] = 0;
        -:  189:  //int it; move to top
        -:  190:
        -:  191:  //Moved draw cards to here, only drawing at the start of a turn
       48:  192:  for (it = 0; it < 5; it++){
       40:  193:    drawCard(state->whoseTurn, state);
        -:  194:  }
        -:  195:
        8:  196:  updateCoins(state->whoseTurn, state, 0);
        -:  197:
        8:  198:  return 0;
        -:  199:}
        -:  200:
       16:  201:int shuffle(int player, struct gameState *state) {
        -:  202: 
        -:  203:
        -:  204:  int newDeck[MAX_DECK];
       16:  205:  int newDeckPos = 0;
        -:  206:  int card;
        -:  207:  int i;
        -:  208:
       16:  209:  if (state->deckCount[player] < 1)
    #####:  210:    return -1;
       16:  211:  qsort ((void*)(state->deck[player]), state->deckCount[player], sizeof(int), compare); 
        -:  212:  /* SORT CARDS IN DECK TO ENSURE DETERMINISM! */
        -:  213:
      192:  214:  while (state->deckCount[player] > 0) {
      160:  215:    card = floor(Random() * state->deckCount[player]);
      160:  216:    newDeck[newDeckPos] = state->deck[player][card];
      160:  217:    newDeckPos++;
      560:  218:    for (i = card; i < state->deckCount[player]-1; i++) {
      400:  219:      state->deck[player][i] = state->deck[player][i+1];
        -:  220:    }
      160:  221:    state->deckCount[player]--;
        -:  222:  }
      176:  223:  for (i = 0; i < newDeckPos; i++) {
      160:  224:    state->deck[player][i] = newDeck[i];
      160:  225:    state->deckCount[player]++;
        -:  226:  }
        -:  227:
       16:  228:  return 0;
        -:  229:}
        -:  230:
    #####:  231:int playCard(int handPos, int choice1, int choice2, int choice3, struct gameState *state) 
        -:  232:{	
        -:  233:  int card;
    #####:  234:  int coin_bonus = 0; 		//tracks coins gain from actions
        -:  235:
        -:  236:  //check if it is the right phase
    #####:  237:  if (state->phase != 0)
        -:  238:    {
    #####:  239:      return -1;
        -:  240:    }
        -:  241:	
        -:  242:  //check if player has enough actions
    #####:  243:  if ( state->numActions < 1 )
        -:  244:    {
    #####:  245:      return -1;
        -:  246:    }
        -:  247:	
        -:  248:  //get card played
    #####:  249:  card = handCard(handPos, state);
        -:  250:	
        -:  251:  //check if selected card is an action
    #####:  252:  if ( card < adventurer || card > treasure_map )
        -:  253:    {
    #####:  254:      return -1;
        -:  255:    }
        -:  256:	
        -:  257:  //play card
    #####:  258:  if ( cardEffect(card, choice1, choice2, choice3, state, handPos, &coin_bonus) < 0 )
        -:  259:    {
    #####:  260:      return -1;
        -:  261:    }
        -:  262:	
        -:  263:  //reduce number of actions
    #####:  264:  state->numActions--;
        -:  265:
        -:  266:  //update coins (Treasure cards may be added with card draws)
    #####:  267:  updateCoins(state->whoseTurn, state, coin_bonus);
        -:  268:	
    #####:  269:  return 0;
        -:  270:}
        -:  271:
    #####:  272:int buyCard(int supplyPos, struct gameState *state) {
        -:  273:  int who;
        -:  274:  if (DEBUG){
        -:  275:    printf("Entering buyCard...\n");
        -:  276:  }
        -:  277:
        -:  278:  // I don't know what to do about the phase thing.
        -:  279:
    #####:  280:  who = state->whoseTurn;
        -:  281:
    #####:  282:  if (state->numBuys < 1){
        -:  283:    if (DEBUG)
        -:  284:      printf("You do not have any buys left\n");
    #####:  285:    return -1;
    #####:  286:  } else if (supplyCount(supplyPos, state) <1){
        -:  287:    if (DEBUG)
        -:  288:      printf("There are not any of that type of card left\n");
    #####:  289:    return -1;
    #####:  290:  } else if (state->coins < getCost(supplyPos)){
        -:  291:    if (DEBUG) 
        -:  292:      printf("You do not have enough money to buy that. You have %d coins.\n", state->coins);
    #####:  293:    return -1;
        -:  294:  } else {
    #####:  295:    state->phase=1;
        -:  296:    //state->supplyCount[supplyPos]--;
    #####:  297:    gainCard(supplyPos, state, 0, who); //card goes in discard, this might be wrong.. (2 means goes into hand, 0 goes into discard)
        -:  298:  
    #####:  299:    state->coins = (state->coins) - (getCost(supplyPos));
    #####:  300:    state->numBuys--;
        -:  301:    if (DEBUG)
        -:  302:      printf("You bought card number %d for %d coins. You now have %d buys and %d coins.\n", supplyPos, getCost(supplyPos), state->numBuys, state->coins);
        -:  303:  }
        -:  304:
        -:  305:  //state->discard[who][state->discardCount[who]] = supplyPos;
        -:  306:  //state->discardCount[who]++;
        -:  307:    
    #####:  308:  return 0;
        -:  309:}
        -:  310:
    #####:  311:int numHandCards(struct gameState *state) {
    #####:  312:  return state->handCount[ whoseTurn(state) ];
        -:  313:}
        -:  314:
    #####:  315:int handCard(int handPos, struct gameState *state) {
    #####:  316:  int currentPlayer = whoseTurn(state);
    #####:  317:  return state->hand[currentPlayer][handPos];
        -:  318:}
        -:  319:
       10:  320:int supplyCount(int card, struct gameState *state) {
       10:  321:  return state->supplyCount[card];
        -:  322:}
        -:  323:
        4:  324:int fullDeckCount(int player, int card, struct gameState *state) {
        -:  325:  int i;
        4:  326:  int count = 0;
        -:  327:
       24:  328:  for (i = 0; i < state->deckCount[player]; i++)
        -:  329:    {
       20:  330:      if (state->deck[player][i] == card) count++;
        -:  331:    }
        -:  332:
       24:  333:  for (i = 0; i < state->handCount[player]; i++)
        -:  334:    {
       20:  335:      if (state->hand[player][i] == card) count++;
        -:  336:    }
        -:  337:
       24:  338:  for (i = 0; i < state->discardCount[player]; i++)
        -:  339:    {
       20:  340:      if (state->discard[player][i] == card) count++;
        -:  341:    }
        -:  342:
        4:  343:  return count;
        -:  344:}
        -:  345:
        1:  346:int whoseTurn(struct gameState *state) {
        1:  347:  return state->whoseTurn;
        -:  348:}
        -:  349:
        1:  350:int endTurn(struct gameState *state) {
        -:  351:  int k;
        -:  352:  int i;
        1:  353:  int currentPlayer = whoseTurn(state);
        -:  354:  
        -:  355:  //Discard hand
        6:  356:  for (i = 0; i < state->handCount[currentPlayer]; i++){
        5:  357:    state->discard[currentPlayer][state->discardCount[currentPlayer]++] = state->hand[currentPlayer][i];//Discard
        5:  358:    state->hand[currentPlayer][i] = -1;//Set card to -1
        -:  359:  }
        1:  360:  state->handCount[currentPlayer] = 0;//Reset hand count
        -:  361:    
        -:  362:  //Code for determining the player
        1:  363:  if (currentPlayer < (state->numPlayers - 1)){ 
        1:  364:    state->whoseTurn = currentPlayer + 1;//Still safe to increment
        -:  365:  }
        -:  366:  else{
    #####:  367:    state->whoseTurn = 0;//Max player has been reached, loop back around to player 1
        -:  368:  }
        -:  369:
        1:  370:  state->outpostPlayed = 0;
        1:  371:  state->phase = 0;
        1:  372:  state->numActions = 1;
        1:  373:  state->coins = 0;
        1:  374:  state->numBuys = 1;
        1:  375:  state->playedCardCount = 0;
        1:  376:  state->handCount[state->whoseTurn] = 0;
        -:  377:
        -:  378:  //int k; move to top
        -:  379:  //Next player draws hand
        6:  380:  for (k = 0; k < 5; k++){
        5:  381:    drawCard(state->whoseTurn, state);//Draw a card
        -:  382:  }
        -:  383:
        -:  384:  //Update money
        1:  385:  updateCoins(state->whoseTurn, state , 0);
        -:  386:
        1:  387:  return 0;
        -:  388:}
        -:  389:
        5:  390:int isGameOver(struct gameState *state) {
        -:  391:  int i;
        -:  392:  int j;
        -:  393:	
        -:  394:  //if stack of Province cards is empty, the game ends
        5:  395:  if (state->supplyCount[province] == 0)
        -:  396:    {
        2:  397:      return 1;
        -:  398:    }
        -:  399:
        -:  400:  //if three supply pile are at 0, the game ends
        3:  401:  j = 0;
       78:  402:  for (i = 0; i < 25; i++)
        -:  403:    {
       75:  404:      if (state->supplyCount[i] == 0)
        -:  405:	{
        5:  406:	  j++;
        -:  407:	}
        -:  408:    }
        3:  409:  if ( j >= 3)
        -:  410:    {
        1:  411:      return 1;
        -:  412:    }
        -:  413:
        2:  414:  return 0;
        -:  415:}
        -:  416:
    #####:  417:int scoreFor (int player, struct gameState *state) {
        -:  418:
        -:  419:  int i;
    #####:  420:  int score = 0;
        -:  421:  //score from hand
    #####:  422:  for (i = 0; i < state->handCount[player]; i++)
        -:  423:    {
    #####:  424:      if (state->hand[player][i] == curse) { score = score - 1; };
    #####:  425:      if (state->hand[player][i] == estate) { score = score + 1; };
    #####:  426:      if (state->hand[player][i] == duchy) { score = score + 3; };
    #####:  427:      if (state->hand[player][i] == province) { score = score + 6; };
    #####:  428:      if (state->hand[player][i] == great_hall) { score = score + 1; };
    #####:  429:      if (state->hand[player][i] == gardens) { score = score + ( fullDeckCount(player, 0, state) / 10 ); };
        -:  430:    }
        -:  431:
        -:  432:  //score from discard
    #####:  433:  for (i = 0; i < state->discardCount[player]; i++)
        -:  434:    {
    #####:  435:      if (state->discard[player][i] == curse) { score = score - 1; };
    #####:  436:      if (state->discard[player][i] == estate) { score = score + 1; };
    #####:  437:      if (state->discard[player][i] == duchy) { score = score + 3; };
    #####:  438:      if (state->discard[player][i] == province) { score = score + 6; };
    #####:  439:      if (state->discard[player][i] == great_hall) { score = score + 1; };
    #####:  440:      if (state->discard[player][i] == gardens) { score = score + ( fullDeckCount(player, 0, state) / 10 ); };
        -:  441:    }
        -:  442:
        -:  443:  //score from deck
    #####:  444:  for (i = 0; i < state->discardCount[player]; i++)
        -:  445:    {
    #####:  446:      if (state->deck[player][i] == curse) { score = score - 1; };
    #####:  447:      if (state->deck[player][i] == estate) { score = score + 1; };
    #####:  448:      if (state->deck[player][i] == duchy) { score = score + 3; };
    #####:  449:      if (state->deck[player][i] == province) { score = score + 6; };
    #####:  450:      if (state->deck[player][i] == great_hall) { score = score + 1; };
    #####:  451:      if (state->deck[player][i] == gardens) { score = score + ( fullDeckCount(player, 0, state) / 10 ); };
        -:  452:    }
        -:  453:
    #####:  454:  return score;
        -:  455:}
        -:  456:
    #####:  457:int getWinners(int players[MAX_PLAYERS], struct gameState *state) {
        -:  458:  int i;	
        -:  459:  int j;
        -:  460:  int highScore;
        -:  461:  int currentPlayer;
        -:  462:
        -:  463:  //get score for each player
    #####:  464:  for (i = 0; i < MAX_PLAYERS; i++)
        -:  465:    {
        -:  466:      //set unused player scores to -9999
    #####:  467:      if (i >= state->numPlayers)
        -:  468:	{
    #####:  469:	  players[i] = -9999;
        -:  470:	}
        -:  471:      else
        -:  472:	{
    #####:  473:	  players[i] = scoreFor (i, state);
        -:  474:	}
        -:  475:    }
        -:  476:
        -:  477:  //find highest score
    #####:  478:  j = 0;
    #####:  479:  for (i = 0; i < MAX_PLAYERS; i++)
        -:  480:    {
    #####:  481:      if (players[i] > players[j])
        -:  482:	{
    #####:  483:	  j = i;
        -:  484:	}
        -:  485:    }
    #####:  486:  highScore = players[j];
        -:  487:
        -:  488:  //add 1 to players who had less turns
    #####:  489:  currentPlayer = whoseTurn(state);
    #####:  490:  for (i = 0; i < MAX_PLAYERS; i++)
        -:  491:    {
    #####:  492:      if ( players[i] == highScore && i > currentPlayer )
        -:  493:	{
    #####:  494:	  players[i]++;
        -:  495:	}
        -:  496:    }
        -:  497:
        -:  498:  //find new highest score
    #####:  499:  j = 0;
    #####:  500:  for (i = 0; i < MAX_PLAYERS; i++)
        -:  501:    {
    #####:  502:      if ( players[i] > players[j] )
        -:  503:	{
    #####:  504:	  j = i;
        -:  505:	}
        -:  506:    }
    #####:  507:  highScore = players[j];
        -:  508:
        -:  509:  //set winners in array to 1 and rest to 0
    #####:  510:  for (i = 0; i < MAX_PLAYERS; i++)
        -:  511:    {
    #####:  512:      if ( players[i] == highScore )
        -:  513:	{
    #####:  514:	  players[i] = 1;
        -:  515:	}
        -:  516:      else
        -:  517:	{
    #####:  518:	  players[i] = 0;
        -:  519:	}
        -:  520:    }
        -:  521:
    #####:  522:  return 0;
        -:  523:}
        -:  524:
       51:  525:int drawCard(int player, struct gameState *state)
        -:  526:{	int count;
        -:  527:  int deckCounter;
       51:  528:  if (state->deckCount[player] <= 0){//Deck is empty
        -:  529:    
        -:  530:    //Step 1 Shuffle the discard pile back into a deck
        -:  531:    int i;
        -:  532:    //Move discard to deck
    #####:  533:    for (i = 0; i < state->discardCount[player];i++){
    #####:  534:      state->deck[player][i] = state->discard[player][i];
    #####:  535:      state->discard[player][i] = -1;
        -:  536:    }
        -:  537:
    #####:  538:    state->deckCount[player] = state->discardCount[player];
    #####:  539:    state->discardCount[player] = 0;//Reset discard
        -:  540:
        -:  541:    //Shufffle the deck
    #####:  542:    shuffle(player, state);//Shuffle the deck up and make it so that we can draw
        -:  543:   
        -:  544:    if (DEBUG){//Debug statements
        -:  545:      printf("Deck count now: %d\n", state->deckCount[player]);
        -:  546:    }
        -:  547:    
    #####:  548:    state->discardCount[player] = 0;
        -:  549:
        -:  550:    //Step 2 Draw Card
    #####:  551:    count = state->handCount[player];//Get current player's hand count
        -:  552:    
        -:  553:    if (DEBUG){//Debug statements
        -:  554:      printf("Current hand count: %d\n", count);
        -:  555:    }
        -:  556:    
    #####:  557:    deckCounter = state->deckCount[player];//Create a holder for the deck count
        -:  558:
    #####:  559:    if (deckCounter == 0)
    #####:  560:      return -1;
        -:  561:
    #####:  562:    state->hand[player][count] = state->deck[player][deckCounter - 1];//Add card to hand
    #####:  563:    state->deckCount[player]--;
    #####:  564:    state->handCount[player]++;//Increment hand count
        -:  565:  }
        -:  566:
        -:  567:  else{
       51:  568:    int count = state->handCount[player];//Get current hand count for player
        -:  569:    int deckCounter;
        -:  570:    if (DEBUG){//Debug statements
        -:  571:      printf("Current hand count: %d\n", count);
        -:  572:    }
        -:  573:
       51:  574:    deckCounter = state->deckCount[player];//Create holder for the deck count
       51:  575:    state->hand[player][count] = state->deck[player][deckCounter - 1];//Add card to the hand
       51:  576:    state->deckCount[player]--;
       51:  577:    state->handCount[player]++;//Increment hand count
        -:  578:  }
        -:  579:
       51:  580:  return 0;
        -:  581:}
        -:  582:
       20:  583:int getCost(int cardNumber)
        -:  584:{
       20:  585:  switch( cardNumber ) 
        -:  586:    {
        -:  587:    case curse:
    #####:  588:      return 0;
        -:  589:    case estate:
        3:  590:      return 2;
        -:  591:    case duchy:
        1:  592:      return 5;
        -:  593:    case province:
    #####:  594:      return 8;
        -:  595:    case copper:
        7:  596:      return 0;
        -:  597:    case silver:
    #####:  598:      return 3;
        -:  599:    case gold:
    #####:  600:      return 6;
        -:  601:    case adventurer:
        2:  602:      return 6;
        -:  603:    case council_room:
    #####:  604:      return 5;
        -:  605:    case feast:
    #####:  606:      return 4;
        -:  607:    case gardens:
    #####:  608:      return 4;
        -:  609:    case mine:
    #####:  610:      return 5;
        -:  611:    case remodel:
    #####:  612:      return 4;
        -:  613:    case smithy:
        6:  614:      return 4;
        -:  615:    case village:
        1:  616:      return 3;
        -:  617:    case baron:
    #####:  618:      return 4;
        -:  619:    case great_hall:
    #####:  620:      return 3;
        -:  621:    case minion:
    #####:  622:      return 5;
        -:  623:    case steward:
    #####:  624:      return 3;
        -:  625:    case tribute:
    #####:  626:      return 5;
        -:  627:    case ambassador:
    #####:  628:      return 3;
        -:  629:    case cutpurse:
    #####:  630:      return 4;
        -:  631:    case embargo: 
    #####:  632:      return 2;
        -:  633:    case outpost:
    #####:  634:      return 5;
        -:  635:    case salvager:
    #####:  636:      return 4;
        -:  637:    case sea_hag:
    #####:  638:      return 4;
        -:  639:    case treasure_map:
    #####:  640:      return 4;
        -:  641:    }
        -:  642:	
    #####:  643:  return -1;
        -:  644:}
        -:  645:
        -:  646://refactoring the five cards into seperate functions and adding subtle bugs into four of them
        -:  647:
        -:  648://bug introduced - changed the condition in the while statement to drawntreasure < 3 instead of 2
        1:  649:int playAdventurer(int currentPlayer, struct gameState *state, int drawntreasure, int cardDrawn, int *temphand, int z) {
        5:  650:      while(drawntreasure<3){
        3:  651:	if (state->deckCount[currentPlayer] <1){//if the deck is empty we need to shuffle discard and add to deck
    #####:  652:	  shuffle(currentPlayer, state);
        -:  653:	}
        3:  654:	drawCard(currentPlayer, state);
        3:  655:	cardDrawn = state->hand[currentPlayer][state->handCount[currentPlayer]-1];//top card of hand is most recently drawn card.
        3:  656:	if (cardDrawn == copper || cardDrawn == silver || cardDrawn == gold)
        3:  657:	  drawntreasure++;
        -:  658:	else{
    #####:  659:	  temphand[z]=cardDrawn;
    #####:  660:	  state->handCount[currentPlayer]--; //this should just remove the top card (the most recently drawn one).
    #####:  661:	  z++;
        -:  662:	}
        -:  663:      }
        2:  664:      while(z-1>=0){
    #####:  665:	state->discard[currentPlayer][state->discardCount[currentPlayer]++]=temphand[z-1]; // discard all cards in play that have been drawn
    #####:  666:	z=z-1;
        -:  667:      }
        1:  668:      return 0;
        -:  669:}
        -:  670:
        -:  671://bug introduced - changed for loop condition from "i < 3" to "i < 0" so it won't draw any cards
        1:  672:int playSmithy(int handPos, int currentPlayer, struct gameState *state) {
        -:  673:      int i;
        -:  674:      //+3 Cards
        1:  675:      for (i = 0; i < 0; i++)
        -:  676:	{
    #####:  677:	  drawCard(currentPlayer, state);
        -:  678:	}
        -:  679:			
        -:  680:      //discard card from hand
        1:  681:      discardCard(handPos, currentPlayer, state, 0);
        1:  682:      return 0;
        -:  683:}
        -:  684:
        -:  685://bug introduced - two actions are now subtracted instead of added
        1:  686:int playVillage(int handPos, int currentPlayer, struct gameState *state) {
        -:  687:      //+1 Card
        1:  688:      drawCard(currentPlayer, state);
        -:  689:			
        -:  690:      //+2 Actions
        1:  691:      state->numActions = state->numActions - 2;
        -:  692:			
        -:  693:      //discard played card from hand
        1:  694:      discardCard(handPos, currentPlayer, state, 0);
        1:  695:      return 0;
        -:  696:}
        -:  697:
        -:  698://bug introduced - added one to the card to be gained (in gainCard parameters) 
        -:  699://so the player will gain the incorrect card or will not gain a card at all if choice2 +1 is one of the kingdom cards not in the game
        7:  700:int playRemodel(int choice1, int choice2, int handPos, int currentPlayer, struct gameState *state, int j, int i){
        7:  701:	j = state->hand[currentPlayer][choice1];  //store card we will trash
        -:  702:      	
        7:  703:	if ( (getCost(state->hand[currentPlayer][choice1]) + 2) < getCost(choice2) )
        -:  704:	{
        1:  705:		return -1;
        -:  706:	}
        -:  707:
        6:  708:      	gainCard(choice2 + 1, state, 0, currentPlayer);
        -:  709:
        -:  710:      	//discard card from hand
        6:  711:      	discardCard(handPos, currentPlayer, state, 0);
        -:  712:
        -:  713:      	//discard trashed card
       12:  714:      	for (i = 0; i < state->handCount[currentPlayer]; i++)
        -:  715:	{
       12:  716:		if (state->hand[currentPlayer][i] == j)
        -:  717:	    	{
        6:  718:	      		discardCard(i, currentPlayer, state, 0);			
        6:  719:	      		break;
        -:  720:	    	}
        -:  721:	}
        6:  722:	return 0;
        -:  723:}
        -:  724:
        -:  725:
    #####:  726:int playOutpost(int handPos, int currentPlayer, struct gameState *state) {
        -:  727:      //set outpost flag
    #####:  728:      state->outpostPlayed++;
        -:  729:			
        -:  730:      //discard card
    #####:  731:      discardCard(handPos, currentPlayer, state, 0);
    #####:  732:      return 0;
        -:  733:}
        -:  734:
    #####:  735:int playGreat_hall(int handPos, int currentPlayer, struct gameState *state) {
        -:  736:      //+1 Card
    #####:  737:      drawCard(currentPlayer, state);
        -:  738:			
        -:  739:      //+1 Actions
    #####:  740:      state->numActions++;
        -:  741:			
        -:  742:      //discard card from hand
    #####:  743:      discardCard(handPos, currentPlayer, state, 0);
    #####:  744:      return 0;
        -:  745:}
        -:  746:
        -:  747:// As suggested in assignment 3 instructions, I made my own assert.
        -:  748:// it prints a failure message but won't exit the program so the other tests can run.
        -:  749:// The parameters are test which is the truth statement and test_success which keeps track of if the test is successful since we are not exiting upon failure.
        -:  750:// It returns test_success.
      195:  751:int myassert(int test, int test_success) {
      195:  752:	if(!test){
        7:  753:		printf("test failed\n");
        7:  754:		test_success = 0;
        -:  755:	}
      195:  756:	return test_success;
        -:  757:}
        -:  758:
    #####:  759:int cardEffect(int card, int choice1, int choice2, int choice3, struct gameState *state, int handPos, int *bonus)
        -:  760:{
        -:  761:  int i;
        -:  762:  int j;
        -:  763:  int k;
        -:  764:  int x;
        -:  765:  int index;
    #####:  766:  int currentPlayer = whoseTurn(state);
    #####:  767:  int nextPlayer = currentPlayer + 1;
        -:  768:
    #####:  769:  int tributeRevealedCards[2] = {-1, -1};
        -:  770:  int temphand[MAX_HAND];// moved above the if statement
    #####:  771:  int drawntreasure=0;
        -:  772:  int cardDrawn;
    #####:  773:  int z = 0;// this is the counter for the temp hand
    #####:  774:  if (nextPlayer > (state->numPlayers - 1)){
    #####:  775:    nextPlayer = 0;
        -:  776:  }
        -:  777:  
        -:  778:	
        -:  779:  //uses switch to select card and perform actions
    #####:  780:  switch( card ) 
        -:  781:    {
        -:  782:    case adventurer:
    #####:  783:      playAdventurer(currentPlayer, state, drawntreasure, cardDrawn, temphand, z);
    #####:  784:      return 0;
        -:  785:			
        -:  786:    case council_room:
        -:  787:      //+4 Cards
    #####:  788:      for (i = 0; i < 4; i++)
        -:  789:	{
    #####:  790:	  drawCard(currentPlayer, state);
        -:  791:	}
        -:  792:			
        -:  793:      //+1 Buy
    #####:  794:      state->numBuys++;
        -:  795:			
        -:  796:      //Each other player draws a card
    #####:  797:      for (i = 0; i < state->numPlayers; i++)
        -:  798:	{
    #####:  799:	  if ( i != currentPlayer )
        -:  800:	    {
    #####:  801:	      drawCard(i, state);
        -:  802:	    }
        -:  803:	}
        -:  804:			
        -:  805:      //put played card in played card pile
    #####:  806:      discardCard(handPos, currentPlayer, state, 0);
        -:  807:			
    #####:  808:      return 0;
        -:  809:			
        -:  810:    case feast:
        -:  811:      //gain card with cost up to 5
        -:  812:      //Backup hand
    #####:  813:      for (i = 0; i <= state->handCount[currentPlayer]; i++){
    #####:  814:	temphand[i] = state->hand[currentPlayer][i];//Backup card
    #####:  815:	state->hand[currentPlayer][i] = -1;//Set to nothing
        -:  816:      }
        -:  817:      //Backup hand
        -:  818:
        -:  819:      //Update Coins for Buy
    #####:  820:      updateCoins(currentPlayer, state, 5);
    #####:  821:      x = 1;//Condition to loop on
    #####:  822:      while( x == 1) {//Buy one card
    #####:  823:	if (supplyCount(choice1, state) <= 0){
        -:  824:	  if (DEBUG)
        -:  825:	    printf("None of that card left, sorry!\n");
        -:  826:
        -:  827:	  if (DEBUG){
        -:  828:	    printf("Cards Left: %d\n", supplyCount(choice1, state));
        -:  829:	  }
        -:  830:	}
    #####:  831:	else if (state->coins < getCost(choice1)){
    #####:  832:	  printf("That card is too expensive!\n");
        -:  833:
        -:  834:	  if (DEBUG){
        -:  835:	    printf("Coins: %d < %d\n", state->coins, getCost(choice1));
        -:  836:	  }
        -:  837:	}
        -:  838:	else{
        -:  839:
        -:  840:	  if (DEBUG){
        -:  841:	    printf("Deck Count: %d\n", state->handCount[currentPlayer] + state->deckCount[currentPlayer] + state->discardCount[currentPlayer]);
        -:  842:	  }
        -:  843:
    #####:  844:	  gainCard(choice1, state, 0, currentPlayer);//Gain the card
    #####:  845:	  x = 0;//No more buying cards
        -:  846:
        -:  847:	  if (DEBUG){
        -:  848:	    printf("Deck Count: %d\n", state->handCount[currentPlayer] + state->deckCount[currentPlayer] + state->discardCount[currentPlayer]);
        -:  849:	  }
        -:  850:
        -:  851:	}
        -:  852:      }     
        -:  853:
        -:  854:      //Reset Hand
    #####:  855:      for (i = 0; i <= state->handCount[currentPlayer]; i++){
    #####:  856:	state->hand[currentPlayer][i] = temphand[i];
    #####:  857:	temphand[i] = -1;
        -:  858:      }
        -:  859:      //Reset Hand
        -:  860:      			
    #####:  861:      return 0;
        -:  862:			
        -:  863:    case gardens:
    #####:  864:      return -1;
        -:  865:			
        -:  866:    case mine:
    #####:  867:      j = state->hand[currentPlayer][choice1];  //store card we will trash
        -:  868:
    #####:  869:      if (state->hand[currentPlayer][choice1] < copper || state->hand[currentPlayer][choice1] > gold)
        -:  870:	{
    #####:  871:	  return -1;
        -:  872:	}
        -:  873:		
    #####:  874:      if (choice2 > treasure_map || choice2 < curse)
        -:  875:	{
    #####:  876:	  return -1;
        -:  877:	}
        -:  878:
    #####:  879:      if ( (getCost(state->hand[currentPlayer][choice1]) + 3) > getCost(choice2) )
        -:  880:	{
    #####:  881:	  return -1;
        -:  882:	}
        -:  883:
    #####:  884:      gainCard(choice2, state, 2, currentPlayer);
        -:  885:
        -:  886:      //discard card from hand
    #####:  887:      discardCard(handPos, currentPlayer, state, 0);
        -:  888:
        -:  889:      //discard trashed card
    #####:  890:      for (i = 0; i < state->handCount[currentPlayer]; i++)
        -:  891:	{
    #####:  892:	  if (state->hand[currentPlayer][i] == j)
        -:  893:	    {
    #####:  894:	      discardCard(i, currentPlayer, state, 0);			
    #####:  895:	      break;
        -:  896:	    }
        -:  897:	}
        -:  898:			
    #####:  899:      return 0;
        -:  900:			
        -:  901:    case remodel: 
    #####:  902:      playRemodel(choice1, choice2, handPos, currentPlayer, state, j, i);
    #####:  903:      return 0;
        -:  904:
        -:  905:    case smithy:
    #####:  906:      playSmithy(handPos, currentPlayer, state);      
    #####:  907:      return 0;
        -:  908:      
        -:  909:		
        -:  910:    case village:
    #####:  911:      playVillage(handPos, currentPlayer, state);   
    #####:  912:      return 0;
        -:  913:		
        -:  914:    case baron:
    #####:  915:      state->numBuys++;//Increase buys by 1!
    #####:  916:      if (choice1 > 0){//Boolean true or going to discard an estate
    #####:  917:	int p = 0;//Iterator for hand!
    #####:  918:	int card_not_discarded = 1;//Flag for discard set!
    #####:  919:	while(card_not_discarded){
    #####:  920:	  if (state->hand[currentPlayer][p] == estate){//Found an estate card!
    #####:  921:	    state->coins += 4;//Add 4 coins to the amount of coins
    #####:  922:	    state->discard[currentPlayer][state->discardCount[currentPlayer]] = state->hand[currentPlayer][p];
    #####:  923:	    state->discardCount[currentPlayer]++;
    #####:  924:	    for (;p < state->handCount[currentPlayer]; p++){
    #####:  925:	      state->hand[currentPlayer][p] = state->hand[currentPlayer][p+1];
        -:  926:	    }
    #####:  927:	    state->hand[currentPlayer][state->handCount[currentPlayer]] = -1;
    #####:  928:	    state->handCount[currentPlayer]--;
    #####:  929:	    card_not_discarded = 0;//Exit the loop
        -:  930:	  }
    #####:  931:	  else if (p > state->handCount[currentPlayer]){
        -:  932:	    if(DEBUG) {
        -:  933:	      printf("No estate cards in your hand, invalid choice\n");
        -:  934:	      printf("Must gain an estate if there are any\n");
        -:  935:	    }
    #####:  936:	    if (supplyCount(estate, state) > 0){
    #####:  937:	      gainCard(estate, state, 0, currentPlayer);
    #####:  938:	      state->supplyCount[estate]--;//Decrement estates
    #####:  939:	      if (supplyCount(estate, state) == 0){
    #####:  940:		isGameOver(state);
        -:  941:	      }
        -:  942:	    }
    #####:  943:	    card_not_discarded = 0;//Exit the loop
        -:  944:	  }
        -:  945:			    
        -:  946:	  else{
    #####:  947:	    p++;//Next card
        -:  948:	  }
        -:  949:	}
        -:  950:      }
        -:  951:			    
        -:  952:      else{
    #####:  953:	if (supplyCount(estate, state) > 0){
    #####:  954:	  gainCard(estate, state, 0, currentPlayer);//Gain an estate
    #####:  955:	  state->supplyCount[estate]--;//Decrement Estates
    #####:  956:	  if (supplyCount(estate, state) == 0){
    #####:  957:	    isGameOver(state);
        -:  958:	  }
        -:  959:	}
        -:  960:      }
        -:  961:	    
        -:  962:      
    #####:  963:      return 0;
        -:  964:		
        -:  965:    case great_hall:
    #####:  966:      playGreat_hall(handPos, currentPlayer, state);
    #####:  967:      return 0;
        -:  968:		
        -:  969:    case minion:
        -:  970:      //+1 action
    #####:  971:      state->numActions++;
        -:  972:			
        -:  973:      //discard card from hand
    #####:  974:      discardCard(handPos, currentPlayer, state, 0);
        -:  975:			
    #####:  976:      if (choice1)		//+2 coins
        -:  977:	{
    #####:  978:	  state->coins = state->coins + 2;
        -:  979:	}
        -:  980:			
    #####:  981:      else if (choice2)		//discard hand, redraw 4, other players with 5+ cards discard hand and draw 4
        -:  982:	{
        -:  983:	  //discard hand
    #####:  984:	  while(numHandCards(state) > 0)
        -:  985:	    {
    #####:  986:	      discardCard(handPos, currentPlayer, state, 0);
        -:  987:	    }
        -:  988:				
        -:  989:	  //draw 4
    #####:  990:	  for (i = 0; i < 4; i++)
        -:  991:	    {
    #####:  992:	      drawCard(currentPlayer, state);
        -:  993:	    }
        -:  994:				
        -:  995:	  //other players discard hand and redraw if hand size > 4
    #####:  996:	  for (i = 0; i < state->numPlayers; i++)
        -:  997:	    {
    #####:  998:	      if (i != currentPlayer)
        -:  999:		{
    #####: 1000:		  if ( state->handCount[i] > 4 )
        -: 1001:		    {
        -: 1002:		      //discard hand
    #####: 1003:		      while( state->handCount[i] > 0 )
        -: 1004:			{
    #####: 1005:			  discardCard(handPos, i, state, 0);
        -: 1006:			}
        -: 1007:							
        -: 1008:		      //draw 4
    #####: 1009:		      for (j = 0; j < 4; j++)
        -: 1010:			{
    #####: 1011:			  drawCard(i, state);
        -: 1012:			}
        -: 1013:		    }
        -: 1014:		}
        -: 1015:	    }
        -: 1016:				
        -: 1017:	}
    #####: 1018:      return 0;
        -: 1019:		
        -: 1020:    case steward:
    #####: 1021:      if (choice1 == 1)
        -: 1022:	{
        -: 1023:	  //+2 cards
    #####: 1024:	  drawCard(currentPlayer, state);
    #####: 1025:	  drawCard(currentPlayer, state);
        -: 1026:	}
    #####: 1027:      else if (choice1 == 2)
        -: 1028:	{
        -: 1029:	  //+2 coins
    #####: 1030:	  state->coins = state->coins + 2;
        -: 1031:	}
        -: 1032:      else
        -: 1033:	{
        -: 1034:	  //trash 2 cards in hand
    #####: 1035:	  discardCard(choice2, currentPlayer, state, 1);
    #####: 1036:	  discardCard(choice3, currentPlayer, state, 1);
        -: 1037:	}
        -: 1038:			
        -: 1039:      //discard card from hand
    #####: 1040:      discardCard(handPos, currentPlayer, state, 0);
    #####: 1041:      return 0;
        -: 1042:		
        -: 1043:    case tribute:
    #####: 1044:      if ((state->discardCount[nextPlayer] + state->deckCount[nextPlayer]) <= 1){
    #####: 1045:	if (state->deckCount[nextPlayer] > 0){
    #####: 1046:	  tributeRevealedCards[0] = state->deck[nextPlayer][state->deckCount[nextPlayer]-1];
    #####: 1047:	  state->deckCount[nextPlayer]--;
        -: 1048:	}
    #####: 1049:	else if (state->discardCount[nextPlayer] > 0){
    #####: 1050:	  tributeRevealedCards[0] = state->discard[nextPlayer][state->discardCount[nextPlayer]-1];
    #####: 1051:	  state->discardCount[nextPlayer]--;
        -: 1052:	}
        -: 1053:	else{
        -: 1054:	  //No Card to Reveal
        -: 1055:	  if (DEBUG){
        -: 1056:	    printf("No cards to reveal\n");
        -: 1057:	  }
        -: 1058:	}
        -: 1059:      }
        -: 1060:	    
        -: 1061:      else{
    #####: 1062:	if (state->deckCount[nextPlayer] == 0){
    #####: 1063:	  for (i = 0; i < state->discardCount[nextPlayer]; i++){
    #####: 1064:	    state->deck[nextPlayer][i] = state->discard[nextPlayer][i];//Move to deck
    #####: 1065:	    state->deckCount[nextPlayer]++;
    #####: 1066:	    state->discard[nextPlayer][i] = -1;
    #####: 1067:	    state->discardCount[nextPlayer]--;
        -: 1068:	  }
        -: 1069:			    
    #####: 1070:	  shuffle(nextPlayer,state);//Shuffle the deck
        -: 1071:	} 
    #####: 1072:	tributeRevealedCards[0] = state->deck[nextPlayer][state->deckCount[nextPlayer]-1];
    #####: 1073:	state->deck[nextPlayer][state->deckCount[nextPlayer]--] = -1;
    #####: 1074:	state->deckCount[nextPlayer]--;
    #####: 1075:	tributeRevealedCards[1] = state->deck[nextPlayer][state->deckCount[nextPlayer]-1];
    #####: 1076:	state->deck[nextPlayer][state->deckCount[nextPlayer]--] = -1;
    #####: 1077:	state->deckCount[nextPlayer]--;
        -: 1078:      }    
        -: 1079:		       
    #####: 1080:      if (tributeRevealedCards[0] == tributeRevealedCards[1]){//If we have a duplicate card, just drop one 
    #####: 1081:	state->playedCards[state->playedCardCount] = tributeRevealedCards[1];
    #####: 1082:	state->playedCardCount++;
    #####: 1083:	tributeRevealedCards[1] = -1;
        -: 1084:      }
        -: 1085:
    #####: 1086:      for (i = 0; i <= 2; i ++){
    #####: 1087:	if (tributeRevealedCards[i] == copper || tributeRevealedCards[i] == silver || tributeRevealedCards[i] == gold){//Treasure cards
    #####: 1088:	  state->coins += 2;
        -: 1089:	}
        -: 1090:		    
    #####: 1091:	else if (tributeRevealedCards[i] == estate || tributeRevealedCards[i] == duchy || tributeRevealedCards[i] == province || tributeRevealedCards[i] == gardens || tributeRevealedCards[i] == great_hall){//Victory Card Found
    #####: 1092:	  drawCard(currentPlayer, state);
    #####: 1093:	  drawCard(currentPlayer, state);
        -: 1094:	}
        -: 1095:	else{//Action Card
    #####: 1096:	  state->numActions = state->numActions + 2;
        -: 1097:	}
        -: 1098:      }
        -: 1099:	    
    #####: 1100:      return 0;
        -: 1101:		
        -: 1102:    case ambassador:
    #####: 1103:      j = 0;		//used to check if player has enough cards to discard
        -: 1104:
    #####: 1105:      if (choice2 > 2 || choice2 < 0)
        -: 1106:	{
    #####: 1107:	  return -1;				
        -: 1108:	}
        -: 1109:
    #####: 1110:      if (choice1 == handPos)
        -: 1111:	{
    #####: 1112:	  return -1;
        -: 1113:	}
        -: 1114:
    #####: 1115:      for (i = 0; i < state->handCount[currentPlayer]; i++)
        -: 1116:	{
    #####: 1117:	  if (i != handPos && i == state->hand[currentPlayer][choice1] && i != choice1)
        -: 1118:	    {
    #####: 1119:	      j++;
        -: 1120:	    }
        -: 1121:	}
    #####: 1122:      if (j < choice2)
        -: 1123:	{
    #####: 1124:	  return -1;				
        -: 1125:	}
        -: 1126:
        -: 1127:      if (DEBUG) 
        -: 1128:	printf("Player %d reveals card number: %d\n", currentPlayer, state->hand[currentPlayer][choice1]);
        -: 1129:
        -: 1130:      //increase supply count for choosen card by amount being discarded
    #####: 1131:      state->supplyCount[state->hand[currentPlayer][choice1]] += choice2;
        -: 1132:			
        -: 1133:      //each other player gains a copy of revealed card
    #####: 1134:      for (i = 0; i < state->numPlayers; i++)
        -: 1135:	{
    #####: 1136:	  if (i != currentPlayer)
        -: 1137:	    {
    #####: 1138:	      gainCard(state->hand[currentPlayer][choice1], state, 0, i);
        -: 1139:	    }
        -: 1140:	}
        -: 1141:
        -: 1142:      //discard played card from hand
    #####: 1143:      discardCard(handPos, currentPlayer, state, 0);			
        -: 1144:
        -: 1145:      //trash copies of cards returned to supply
    #####: 1146:      for (j = 0; j < choice2; j++)
        -: 1147:	{
    #####: 1148:	  for (i = 0; i < state->handCount[currentPlayer]; i++)
        -: 1149:	    {
    #####: 1150:	      if (state->hand[currentPlayer][i] == state->hand[currentPlayer][choice1])
        -: 1151:		{
    #####: 1152:		  discardCard(i, currentPlayer, state, 1);
    #####: 1153:		  break;
        -: 1154:		}
        -: 1155:	    }
        -: 1156:	}			
        -: 1157:
    #####: 1158:      return 0;
        -: 1159:		
        -: 1160:    case cutpurse:
        -: 1161:
    #####: 1162:      updateCoins(currentPlayer, state, 2);
    #####: 1163:      for (i = 0; i < state->numPlayers; i++)
        -: 1164:	{
    #####: 1165:	  if (i != currentPlayer)
        -: 1166:	    {
    #####: 1167:	      for (j = 0; j < state->handCount[i]; j++)
        -: 1168:		{
    #####: 1169:		  if (state->hand[i][j] == copper)
        -: 1170:		    {
    #####: 1171:		      discardCard(j, i, state, 0);
    #####: 1172:		      break;
        -: 1173:		    }
    #####: 1174:		  if (j == state->handCount[i])
        -: 1175:		    {
    #####: 1176:		      for (k = 0; k < state->handCount[i]; k++)
        -: 1177:			{
        -: 1178:			  if (DEBUG)
        -: 1179:			    printf("Player %d reveals card number %d\n", i, state->hand[i][k]);
        -: 1180:			}	
    #####: 1181:		      break;
        -: 1182:		    }		
        -: 1183:		}
        -: 1184:					
        -: 1185:	    }
        -: 1186:				
        -: 1187:	}				
        -: 1188:
        -: 1189:      //discard played card from hand
    #####: 1190:      discardCard(handPos, currentPlayer, state, 0);			
        -: 1191:
    #####: 1192:      return 0;
        -: 1193:
        -: 1194:		
        -: 1195:    case embargo: 
        -: 1196:      //+2 Coins
    #####: 1197:      state->coins = state->coins + 2;
        -: 1198:			
        -: 1199:      //see if selected pile is in play
    #####: 1200:      if ( state->supplyCount[choice1] == -1 )
        -: 1201:	{
    #####: 1202:	  return -1;
        -: 1203:	}
        -: 1204:			
        -: 1205:      //add embargo token to selected supply pile
    #####: 1206:      state->embargoTokens[choice1]++;
        -: 1207:			
        -: 1208:      //trash card
    #####: 1209:      discardCard(handPos, currentPlayer, state, 1);		
    #####: 1210:      return 0;
        -: 1211:		
        -: 1212:    case outpost:
    #####: 1213:      playOutpost(handPos, currentPlayer, state);
    #####: 1214:      return 0;
        -: 1215:		
        -: 1216:    case salvager:
        -: 1217:      //+1 buy
    #####: 1218:      state->numBuys++;
        -: 1219:			
    #####: 1220:      if (choice1)
        -: 1221:	{
        -: 1222:	  //gain coins equal to trashed card
    #####: 1223:	  state->coins = state->coins + getCost( handCard(choice1, state) );
        -: 1224:	  //trash card
    #####: 1225:	  discardCard(choice1, currentPlayer, state, 1);	
        -: 1226:	}
        -: 1227:			
        -: 1228:      //discard card
    #####: 1229:      discardCard(handPos, currentPlayer, state, 0);
    #####: 1230:      return 0;
        -: 1231:		
        -: 1232:    case sea_hag:
    #####: 1233:      for (i = 0; i < state->numPlayers; i++){
    #####: 1234:	if (i != currentPlayer){
    #####: 1235:	  state->discard[i][state->discardCount[i]] = state->deck[i][state->deckCount[i]--];			    state->deckCount[i]--;
    #####: 1236:	  state->discardCount[i]++;
    #####: 1237:	  state->deck[i][state->deckCount[i]--] = curse;//Top card now a curse
        -: 1238:	}
        -: 1239:      }
    #####: 1240:      return 0;
        -: 1241:		
        -: 1242:    case treasure_map:
        -: 1243:      //search hand for another treasure_map
    #####: 1244:      index = -1;
    #####: 1245:      for (i = 0; i < state->handCount[currentPlayer]; i++)
        -: 1246:	{
    #####: 1247:	  if (state->hand[currentPlayer][i] == treasure_map && i != handPos)
        -: 1248:	    {
    #####: 1249:	      index = i;
    #####: 1250:	      break;
        -: 1251:	    }
        -: 1252:	}
    #####: 1253:      if (index > -1)
        -: 1254:	{
        -: 1255:	  //trash both treasure cards
    #####: 1256:	  discardCard(handPos, currentPlayer, state, 1);
    #####: 1257:	  discardCard(index, currentPlayer, state, 1);
        -: 1258:
        -: 1259:	  //gain 4 Gold cards
    #####: 1260:	  for (i = 0; i < 4; i++)
        -: 1261:	    {
    #####: 1262:	      gainCard(gold, state, 1, currentPlayer);
        -: 1263:	    }
        -: 1264:				
        -: 1265:	  //return success
    #####: 1266:	  return 1;
        -: 1267:	}
        -: 1268:			
        -: 1269:      //no second treasure_map found in hand
    #####: 1270:      return -1;
        -: 1271:    }
        -: 1272:	
    #####: 1273:  return -1;
        -: 1274:}
        -: 1275:
       14: 1276:int discardCard(int handPos, int currentPlayer, struct gameState *state, int trashFlag)
        -: 1277:{
        -: 1278:	
        -: 1279:  //if card is not trashed, added to Played pile 
       14: 1280:  if (trashFlag < 1)
        -: 1281:    {
        -: 1282:      //add card to played pile
       14: 1283:      state->playedCards[state->playedCardCount] = state->hand[currentPlayer][handPos]; 
       14: 1284:      state->playedCardCount++;
        -: 1285:    }
        -: 1286:	
        -: 1287:  //set played card to -1
       14: 1288:  state->hand[currentPlayer][handPos] = -1;
        -: 1289:	
        -: 1290:  //remove card from player's hand
       14: 1291:  if ( handPos == (state->handCount[currentPlayer] - 1) ) 	//last card in hand array is played
        -: 1292:    {
        -: 1293:      //reduce number of cards in hand
        1: 1294:      state->handCount[currentPlayer]--;
        -: 1295:    }
       13: 1296:  else if ( state->handCount[currentPlayer] == 1 ) //only one card in hand
        -: 1297:    {
        -: 1298:      //reduce number of cards in hand
    #####: 1299:      state->handCount[currentPlayer]--;
        -: 1300:    }
        -: 1301:  else 	
        -: 1302:    {
        -: 1303:      //replace discarded card with last card in hand
       13: 1304:      state->hand[currentPlayer][handPos] = state->hand[currentPlayer][ (state->handCount[currentPlayer] - 1)];
        -: 1305:      //set last card to -1
       13: 1306:      state->hand[currentPlayer][state->handCount[currentPlayer] - 1] = -1;
        -: 1307:      //reduce number of cards in hand
       13: 1308:      state->handCount[currentPlayer]--;
        -: 1309:    }
        -: 1310:	
       14: 1311:  return 0;
        -: 1312:}
        -: 1313:
        6: 1314:int gainCard(int supplyPos, struct gameState *state, int toFlag, int player)
        -: 1315:{
        -: 1316:  //Note: supplyPos is enum of choosen card
        -: 1317:	
        -: 1318:  //check if supply pile is empty (0) or card is not used in game (-1)
        6: 1319:  if ( supplyCount(supplyPos, state) < 1 )
        -: 1320:    {
        1: 1321:      return -1;
        -: 1322:    }
        -: 1323:	
        -: 1324:  //added card for [whoseTurn] current player:
        -: 1325:  // toFlag = 0 : add to discard
        -: 1326:  // toFlag = 1 : add to deck
        -: 1327:  // toFlag = 2 : add to hand
        -: 1328:
        5: 1329:  if (toFlag == 1)
        -: 1330:    {
    #####: 1331:      state->deck[ player ][ state->deckCount[player] ] = supplyPos;
    #####: 1332:      state->deckCount[player]++;
        -: 1333:    }
        5: 1334:  else if (toFlag == 2)
        -: 1335:    {
    #####: 1336:      state->hand[ player ][ state->handCount[player] ] = supplyPos;
    #####: 1337:      state->handCount[player]++;
        -: 1338:    }
        -: 1339:  else
        -: 1340:    {
        5: 1341:      state->discard[player][ state->discardCount[player] ] = supplyPos;
        5: 1342:      state->discardCount[player]++;
        -: 1343:    }
        -: 1344:	
        -: 1345:  //decrease number in supply pile
        5: 1346:  state->supplyCount[supplyPos]--;
        -: 1347:	 
        5: 1348:  return 0;
        -: 1349:}
        -: 1350:
        9: 1351:int updateCoins(int player, struct gameState *state, int bonus)
        -: 1352:{
        -: 1353:  int i;
        -: 1354:	
        -: 1355:  //reset coin count
        9: 1356:  state->coins = 0;
        -: 1357:
        -: 1358:  //add coins for each Treasure card in player's hand
       54: 1359:  for (i = 0; i < state->handCount[player]; i++)
        -: 1360:    {
       45: 1361:      if (state->hand[player][i] == copper)
        -: 1362:	{
       35: 1363:	  state->coins += 1;
        -: 1364:	}
       10: 1365:      else if (state->hand[player][i] == silver)
        -: 1366:	{
    #####: 1367:	  state->coins += 2;
        -: 1368:	}
       10: 1369:      else if (state->hand[player][i] == gold)
        -: 1370:	{
    #####: 1371:	  state->coins += 3;
        -: 1372:	}	
        -: 1373:    }	
        -: 1374:
        -: 1375:  //add bonus
        9: 1376:  state->coins += bonus;
        -: 1377:
        9: 1378:  return 0;
        -: 1379:}
        -: 1380:
        -: 1381:
        -: 1382://end of dominion.c
        -: 1383:
